0 info it worked if it ends with ok
1 verbose cli [ 'C:\\Program Files\\nodejs\\\\node.exe',
1 verbose cli   'C:\\Program Files\\nodejs\\node_modules\\npm\\bin\\npm-cli.js',
1 verbose cli   'install',
1 verbose cli   '-g',
1 verbose cli   'ios-deploy' ]
2 info using npm@2.5.1
3 info using node@v0.12.0
4 verbose node symlink C:\Program Files\nodejs\\node.exe
5 silly cache add args [ 'ios-deploy', null ]
6 verbose cache add spec ios-deploy
7 silly cache add parsed spec { raw: 'ios-deploy',
7 silly cache add   scope: null,
7 silly cache add   name: 'ios-deploy',
7 silly cache add   rawSpec: '',
7 silly cache add   spec: '*',
7 silly cache add   type: 'range' }
8 verbose addNamed ios-deploy@*
9 silly addNamed semver.valid null
10 silly addNamed semver.validRange *
11 silly addNameRange { name: 'ios-deploy', range: '*', hasData: false }
12 silly mapToRegistry name ios-deploy
13 silly mapToRegistry using default registry
14 silly mapToRegistry registry https://registry.npmjs.org/
15 silly mapToRegistry uri https://registry.npmjs.org/ios-deploy
16 verbose addNameRange registry:https://registry.npmjs.org/ios-deploy not in flight; fetching
17 verbose request uri https://registry.npmjs.org/ios-deploy
18 verbose request no auth needed
19 info attempt registry request try #1 at 11:36:15 AM
20 verbose request id 832b2851e0b8625f
21 http request GET https://registry.npmjs.org/ios-deploy
22 http 200 https://registry.npmjs.org/ios-deploy
23 silly get cb [ 200,
23 silly get   { server: 'CouchDB/1.5.0 (Erlang OTP/R16B03)',
23 silly get     etag: '"BAMKO72F8161ZFBJ2WNKH22FU"',
23 silly get     'content-type': 'application/json',
23 silly get     'cache-control': 'max-age=60',
23 silly get     'content-length': '26988',
23 silly get     'accept-ranges': 'bytes',
23 silly get     date: 'Sun, 13 Sep 2015 16:36:18 GMT',
23 silly get     via: '1.1 varnish',
23 silly get     age: '0',
23 silly get     connection: 'keep-alive',
23 silly get     'x-served-by': 'cache-ord1720-ORD',
23 silly get     'x-cache': 'MISS',
23 silly get     'x-cache-hits': '0',
23 silly get     'x-timer': 'S1442162178.574617,VS0,VE123',
23 silly get     vary: 'Accept' } ]
24 verbose get saving ios-deploy to C:\Users\Keenan\AppData\Roaming\npm-cache\registry.npmjs.org\ios-deploy\.cache.json
25 silly addNameRange number 2 { name: 'ios-deploy', range: '*', hasData: true }
26 silly addNameRange versions [ 'ios-deploy',
26 silly addNameRange   [ '1.0.1',
26 silly addNameRange     '1.0.2',
26 silly addNameRange     '1.0.3',
26 silly addNameRange     '1.0.4',
26 silly addNameRange     '1.0.5',
26 silly addNameRange     '1.0.6',
26 silly addNameRange     '1.0.7',
26 silly addNameRange     '1.0.8',
26 silly addNameRange     '1.0.9',
26 silly addNameRange     '1.1.0',
26 silly addNameRange     '1.2.0',
26 silly addNameRange     '1.3.0',
26 silly addNameRange     '1.3.1',
26 silly addNameRange     '1.3.2',
26 silly addNameRange     '1.4.0',
26 silly addNameRange     '1.5.0',
26 silly addNameRange     '1.6.0',
26 silly addNameRange     '1.6.1',
26 silly addNameRange     '1.6.2',
26 silly addNameRange     '1.6.3',
26 silly addNameRange     '1.7.0' ] ]
27 verbose addNamed ios-deploy@1.7.0
28 silly addNamed semver.valid 1.7.0
29 silly addNamed semver.validRange 1.7.0
30 silly mapToRegistry name ios-deploy
31 silly mapToRegistry using default registry
32 silly mapToRegistry registry https://registry.npmjs.org/
33 silly mapToRegistry uri https://registry.npmjs.org/ios-deploy
34 verbose addRemoteTarball https://registry.npmjs.org/ios-deploy/-/ios-deploy-1.7.0.tgz not in flight; adding
35 verbose addRemoteTarball [ 'https://registry.npmjs.org/ios-deploy/-/ios-deploy-1.7.0.tgz',
35 verbose addRemoteTarball   '8dfbce5c23ea74e77cb12870b2e72a3af8e1db91' ]
36 info retry fetch attempt 1 at 11:36:16 AM
37 info attempt registry request try #1 at 11:36:16 AM
38 http fetch GET https://registry.npmjs.org/ios-deploy/-/ios-deploy-1.7.0.tgz
39 http fetch 200 https://registry.npmjs.org/ios-deploy/-/ios-deploy-1.7.0.tgz
40 silly fetchAndShaCheck shasum 8dfbce5c23ea74e77cb12870b2e72a3af8e1db91
41 verbose addTmpTarball C:\Users\Keenan\AppData\Local\Temp\npm-6348-39d75da1\registry.npmjs.org\ios-deploy\-\ios-deploy-1.7.0.tgz not in flight; adding
42 verbose addTmpTarball already have metadata; skipping unpack for ios-deploy@1.7.0
43 silly cache afterAdd ios-deploy@1.7.0
44 verbose afterAdd C:\Users\Keenan\AppData\Roaming\npm-cache\ios-deploy\1.7.0\package\package.json not in flight; writing
45 verbose afterAdd C:\Users\Keenan\AppData\Roaming\npm-cache\ios-deploy\1.7.0\package\package.json written
46 silly install resolved [ { name: 'ios-deploy',
46 silly install resolved     version: '1.7.0',
46 silly install resolved     os: [ 'darwin' ],
46 silly install resolved     description: 'launch iOS apps iOS devices from the command line (Xcode 6)',
46 silly install resolved     main: 'ios-deploy',
46 silly install resolved     scripts: { preinstall: 'make ios-deploy' },
46 silly install resolved     bin: { 'ios-deploy': './ios-deploy' },
46 silly install resolved     repository:
46 silly install resolved      { type: 'git',
46 silly install resolved        url: 'git+https://github.com/phonegap/ios-deploy.git' },
46 silly install resolved     keywords: [ 'ios-deploy', 'deploy to iOS device' ],
46 silly install resolved     author: { name: 'Greg Hughes' },
46 silly install resolved     license: 'GPLv3',
46 silly install resolved     gitHead: '6d61b7ca7c0ff16caea4e87a91ee7535db888621',
46 silly install resolved     bugs: { url: 'https://github.com/phonegap/ios-deploy/issues' },
46 silly install resolved     homepage: 'https://github.com/phonegap/ios-deploy#readme',
46 silly install resolved     _id: 'ios-deploy@1.7.0',
46 silly install resolved     _shasum: '8dfbce5c23ea74e77cb12870b2e72a3af8e1db91',
46 silly install resolved     _from: 'ios-deploy@*',
46 silly install resolved     _npmVersion: '2.9.1',
46 silly install resolved     _nodeVersion: '0.10.30',
46 silly install resolved     _npmUser: { name: 'shazron', email: 'shazron@gmail.com' },
46 silly install resolved     maintainers: [ [Object], [Object], [Object] ],
46 silly install resolved     dist:
46 silly install resolved      { shasum: '8dfbce5c23ea74e77cb12870b2e72a3af8e1db91',
46 silly install resolved        tarball: 'http://registry.npmjs.org/ios-deploy/-/ios-deploy-1.7.0.tgz' },
46 silly install resolved     directories: {},
46 silly install resolved     _resolved: 'https://registry.npmjs.org/ios-deploy/-/ios-deploy-1.7.0.tgz' } ]
47 info install ios-deploy@1.7.0 into C:\Users\Keenan\AppData\Roaming\npm
48 info installOne ios-deploy@1.7.0
49 verbose installOne of ios-deploy to C:\Users\Keenan\AppData\Roaming\npm not in flight; installing
50 verbose lock using C:\Users\Keenan\AppData\Roaming\npm-cache\_locks\ios-deploy-ca5ac6c67d5b9413.lock for C:\Users\Keenan\AppData\Roaming\npm\node_modules\ios-deploy
51 verbose unlock done using C:\Users\Keenan\AppData\Roaming\npm-cache\_locks\ios-deploy-ca5ac6c67d5b9413.lock for C:\Users\Keenan\AppData\Roaming\npm\node_modules\ios-deploy
52 verbose stack Error: Unsupported
52 verbose stack     at checkPlatform (C:\Program Files\nodejs\node_modules\npm\node_modules\npm-install-checks\index.js:47:14)
52 verbose stack     at Array.<anonymous> (C:\Program Files\nodejs\node_modules\npm\node_modules\slide\lib\bind-actor.js:15:8)
52 verbose stack     at LOOP (C:\Program Files\nodejs\node_modules\npm\node_modules\slide\lib\chain.js:15:14)
52 verbose stack     at C:\Program Files\nodejs\node_modules\npm\node_modules\slide\lib\chain.js:18:7
52 verbose stack     at checkEngine (C:\Program Files\nodejs\node_modules\npm\node_modules\npm-install-checks\index.js:11:20)
52 verbose stack     at Array.<anonymous> (C:\Program Files\nodejs\node_modules\npm\node_modules\slide\lib\bind-actor.js:15:8)
52 verbose stack     at LOOP (C:\Program Files\nodejs\node_modules\npm\node_modules\slide\lib\chain.js:15:14)
52 verbose stack     at chain (C:\Program Files\nodejs\node_modules\npm\node_modules\slide\lib\chain.js:20:5)
52 verbose stack     at C:\Program Files\nodejs\node_modules\npm\lib\install.js:949:5
52 verbose stack     at C:\Program Files\nodejs\node_modules\npm\lib\utils\locker.js:40:9
53 verbose pkgid ios-deploy@1.7.0
54 verbose cwd C:\Users\Keenan\Documents\Visual Studio 2015\Projects\EventGather\eventGather
55 error Windows_NT 6.3.9600
56 error argv "C:\\Program Files\\nodejs\\\\node.exe" "C:\\Program Files\\nodejs\\node_modules\\npm\\bin\\npm-cli.js" "install" "-g" "ios-deploy"
57 error node v0.12.0
58 error npm  v2.5.1
59 error code EBADPLATFORM
60 error notsup Unsupported
60 error notsup Not compatible with your operating system or architecture: ios-deploy@1.7.0
60 error notsup Valid OS:    darwin
60 error notsup Valid Arch:  any
60 error notsup Actual OS:   win32
60 error notsup Actual Arch: x64
61 verbose exit [ 1, true ]
